
tests/e2e/test_document_analysis_workflow.py::TestDocumentAnalysisWorkflow::test_complete_analysis_workflow FAILED [  3%]
tests/e2e/test_document_analysis_workflow.py::TestDocumentAnalysisWorkflow::test_analysis_with_different_document_types FAILED [  3%]
tests/e2e/test_document_analysis_workflow.py::TestDocumentAnalysisWorkflow::test_concurrent_analysis FAILED [  3%]
tests/e2e/test_plugin_system_workflow.py::TestPluginSystemWorkflow::test_plugin_discovery_workflow FAILED [  4%]
tests/e2e/test_plugin_system_workflow.py::TestPluginSystemWorkflow::test_plugin_lifecycle_management FAILED [  4%]
tests/e2e/test_plugin_system_workflow.py::TestPluginSystemWorkflow::test_plugin_integration_with_analysis FAILED [  5%]
tests/integration/test_enhanced_features_integration.py::TestEnhancedFeaturesIntegration::test_websocket_integration FAILED [  8%]
tests/integration/test_enhanced_features_integration.py::TestEnhancedFeaturesIntegration::test_database_integration FAILED [  9%]
tests/integration/test_enhanced_features_integration.py::TestPerformanceIntegration::test_metrics_collection_integration FAILED [  9%]
tests/integration/test_enhanced_features_integration.py::TestPerformanceIntegration::test_performance_monitoring_integration FAILED [  9%]
tests/performance/test_load_performance.py::TestPerformanceLoad::test_single_request_performance FAILED [ 13%]
tests/performance/test_load_performance.py::TestPerformanceLoad::test_metrics_collection_performance FAILED [ 13%]
tests/performance/test_load_performance.py::TestPerformanceLoad::test_memory_usage_under_load FAILED [ 13%]
tests/performance/test_load_performance.py::TestPerformanceLoad::test_websocket_performance FAILED [ 14%]
tests/performance/test_load_performance.py::TestPerformanceLoad::test_security_headers_performance FAILED [ 14%]
tests/performance/test_load_performance.py::TestPerformanceLoad::test_rate_limiting_performance FAILED [ 14%]
tests/performance/test_load_performance.py::TestStressTesting::test_sustained_load_stress FAILED [ 14%]
tests/unit/test_analysis_service_pipeline.py::test_analysis_service_uses_analysis_utils FAILED [ 25%]
tests/unit/test_database_crud.py::test_get_rubric FAILED                 [ 37%]
tests/unit/test_database_crud.py::test_update_rubric FAILED              [ 37%]
tests/unit/test_database_crud.py::test_delete_rubric FAILED              [ 37%]
tests/unit/test_enhanced_error_context.py::TestEnhancedExceptionHandler::test_generic_exception_handling FAILED [ 41%]
tests/unit/test_enhanced_error_context.py::TestEnhancedExceptionHandler::test_debug_mode_response FAILED [ 41%]
tests/unit/test_enhanced_error_context.py::TestEnhancedExceptionHandler::test_error_handler_exception_safety FAILED [ 41%]
tests/unit/test_llm_service_backend.py::test_transformers_generate_applies_stop_sequences FAILED [ 49%]
tests/unit/test_metrics_collector.py::TestSystemMetricsSource::test_system_metrics_collection FAILED [ 52%]
tests/unit/test_metrics_collector.py::TestSystemMetricsSource::test_system_metrics_error_handling FAILED [ 52%]
tests/unit/test_metrics_collector.py::TestApplicationMetricsSource::test_application_metrics_collection FAILED [ 53%]
tests/unit/test_metrics_collector.py::TestAIModelMetricsSource::test_ai_metrics_collection FAILED [ 53%]
tests/unit/test_metrics_collector.py::TestMetricsCollector::test_metrics_collection FAILED [ 54%]
tests/unit/test_ml_trainer.py::TestMLTrainingPipeline::test_insufficient_training_data FAILED [ 55%]
tests/unit/test_ml_trainer.py::TestMLTrainingPipeline::test_successful_training_and_deployment FAILED [ 55%]
tests/unit/test_ml_trainer.py::TestMLTrainingPipeline::test_training_with_insufficient_improvement FAILED [ 55%]
tests/unit/test_ml_trainer.py::TestMLTrainingPipeline::test_training_error_handling FAILED [ 56%]
tests/unit/test_ml_trainer.py::TestMLTrainingPipeline::test_skipped_training_due_to_time FAILED [ 56%]
tests/unit/test_ml_trainer.py::test_legacy_function_compatibility FAILED [ 56%]
tests/unit/test_ml_trainer.py::TestMLTrainingIntegration::test_end_to_end_training_pipeline FAILED [ 56%]
tests/unit/test_performance_metrics.py::TestMetricsCollector::test_high_memory_warning FAILED [ 65%]
tests/unit/test_performance_optimizer.py::TestBatchCacheOperations::test_batch_get_embeddings FAILED [ 71%]
tests/unit/test_performance_optimizer.py::TestBatchCacheOperations::test_batch_set_embeddings FAILED [ 71%]
tests/unit/test_performance_optimizer.py::TestBatchCacheOperations::test_batch_get_ner_results FAILED [ 71%]
tests/unit/test_performance_optimizer.py::TestCacheWarmingService::test_execute_warming FAILED [ 71%]
tests/unit/test_performance_optimizer.py::TestPerformanceOptimizer::test_analyze_performance FAILED [ 72%]
tests/unit/test_performance_optimizer.py::TestPerformanceOptimizer::test_optimize_performance FAILED [ 72%]
tests/unit/test_performance_optimizer.py::TestPerformanceOptimizer::test_identify_bottlenecks FAILED [ 72%]
tests/unit/test_performance_optimizer.py::TestPerformanceOptimizer::test_generate_optimization_recommendations FAILED [ 72%]
tests/unit/test_performance_optimizer.py::TestPerformanceOptimizer::test_calculate_performance_improvements FAILED [ 72%]
tests/unit/test_performance_optimizer.py::TestPerformanceOptimizer::test_memory_optimization FAILED [ 73%]
tests/unit/test_performance_optimizer.py::TestPerformanceOptimizer::test_proactive_warming FAILED [ 73%]
tests/unit/test_performance_test_orchestrator.py::TestExecutionEngine::test_execute_test_success FAILED [ 74%]
tests/unit/test_performance_test_orchestrator.py::TestExecutionEngine::test_execute_test_failure FAILED [ 74%]
tests/unit/test_performance_test_orchestrator.py::TestExecutionEngine::test_execute_test_timeout FAILED [ 75%]
tests/unit/test_performance_test_orchestrator.py::TestExecutionEngine::test_execute_test_no_runner FAILED [ 75%]
tests/unit/test_performance_test_orchestrator.py::TestExecutionEngine::test_execute_tests_parallel FAILED [ 75%]
tests/unit/test_performance_test_orchestrator.py::TestExecutionEngine::test_execute_tests_parallel_with_disabled FAILED [ 75%]
tests/unit/test_performance_test_orchestrator.py::TestPerformanceTestOrchestrator::test_run_baseline_tests FAILED [ 75%]
tests/unit/test_performance_test_orchestrator.py::TestPerformanceTestOrchestrator::test_run_optimization_tests FAILED [ 75%]
tests/unit/test_performance_test_orchestrator.py::TestPerformanceTestOrchestrator::test_run_test_suite FAILED [ 75%]
tests/unit/test_performance_test_orchestrator.py::TestPerformanceTestOrchestrator::test_run_full_performance_suite FAILED [ 76%]
tests/unit/test_performance_test_orchestrator.py::TestPerformanceTestOrchestrator::test_run_nonexistent_suite FAILED [ 76%]
tests/unit/test_performance_test_orchestrator.py::test_integration_full_workflow FAILED [ 76%]
FAILED tests/e2e/test_document_analysis_workflow.py::TestDocumentAnalysisWorkflow::test_complete_analysis_workflow
FAILED tests/e2e/test_document_analysis_workflow.py::TestDocumentAnalysisWorkflow::test_analysis_with_different_document_types
FAILED tests/e2e/test_document_analysis_workflow.py::TestDocumentAnalysisWorkflow::test_concurrent_analysis
FAILED tests/e2e/test_plugin_system_workflow.py::TestPluginSystemWorkflow::test_plugin_discovery_workflow
FAILED tests/e2e/test_plugin_system_workflow.py::TestPluginSystemWorkflow::test_plugin_lifecycle_management
FAILED tests/e2e/test_plugin_system_workflow.py::TestPluginSystemWorkflow::test_plugin_integration_with_analysis
FAILED tests/integration/test_enhanced_features_integration.py::TestEnhancedFeaturesIntegration::test_websocket_integration
FAILED tests/integration/test_enhanced_features_integration.py::TestEnhancedFeaturesIntegration::test_database_integration
FAILED tests/integration/test_enhanced_features_integration.py::TestPerformanceIntegration::test_metrics_collection_integration
FAILED tests/integration/test_enhanced_features_integration.py::TestPerformanceIntegration::test_performance_monitoring_integration
FAILED tests/performance/test_load_performance.py::TestPerformanceLoad::test_single_request_performance
FAILED tests/performance/test_load_performance.py::TestPerformanceLoad::test_metrics_collection_performance
FAILED tests/performance/test_load_performance.py::TestPerformanceLoad::test_memory_usage_under_load
FAILED tests/performance/test_load_performance.py::TestPerformanceLoad::test_websocket_performance
FAILED tests/performance/test_load_performance.py::TestPerformanceLoad::test_security_headers_performance
FAILED tests/performance/test_load_performance.py::TestPerformanceLoad::test_rate_limiting_performance
FAILED tests/performance/test_load_performance.py::TestStressTesting::test_sustained_load_stress
FAILED tests/unit/test_analysis_service_pipeline.py::test_analysis_service_uses_analysis_utils
FAILED tests/unit/test_database_crud.py::test_get_rubric - assert None is not...
FAILED tests/unit/test_database_crud.py::test_update_rubric - AttributeError:...
FAILED tests/unit/test_database_crud.py::test_delete_rubric - assert False is...
FAILED tests/unit/test_enhanced_error_context.py::TestEnhancedExceptionHandler::test_generic_exception_handling
FAILED tests/unit/test_enhanced_error_context.py::TestEnhancedExceptionHandler::test_debug_mode_response
FAILED tests/unit/test_enhanced_error_context.py::TestEnhancedExceptionHandler::test_error_handler_exception_safety
FAILED tests/unit/test_llm_service_backend.py::test_transformers_generate_applies_stop_sequences
FAILED tests/unit/test_metrics_collector.py::TestSystemMetricsSource::test_system_metrics_collection
FAILED tests/unit/test_metrics_collector.py::TestSystemMetricsSource::test_system_metrics_error_handling
FAILED tests/unit/test_metrics_collector.py::TestApplicationMetricsSource::test_application_metrics_collection
FAILED tests/unit/test_metrics_collector.py::TestAIModelMetricsSource::test_ai_metrics_collection
FAILED tests/unit/test_metrics_collector.py::TestMetricsCollector::test_metrics_collection
FAILED tests/unit/test_ml_trainer.py::TestMLTrainingPipeline::test_insufficient_training_data
FAILED tests/unit/test_ml_trainer.py::TestMLTrainingPipeline::test_successful_training_and_deployment
FAILED tests/unit/test_ml_trainer.py::TestMLTrainingPipeline::test_training_with_insufficient_improvement
FAILED tests/unit/test_ml_trainer.py::TestMLTrainingPipeline::test_training_error_handling
FAILED tests/unit/test_ml_trainer.py::TestMLTrainingPipeline::test_skipped_training_due_to_time
FAILED tests/unit/test_ml_trainer.py::test_legacy_function_compatibility - Ru...
FAILED tests/unit/test_ml_trainer.py::TestMLTrainingIntegration::test_end_to_end_training_pipeline
FAILED tests/unit/test_performance_metrics.py::TestMetricsCollector::test_high_memory_warning
FAILED tests/unit/test_performance_optimizer.py::TestBatchCacheOperations::test_batch_get_embeddings
FAILED tests/unit/test_performance_optimizer.py::TestBatchCacheOperations::test_batch_set_embeddings
FAILED tests/unit/test_performance_optimizer.py::TestBatchCacheOperations::test_batch_get_ner_results
FAILED tests/unit/test_performance_optimizer.py::TestCacheWarmingService::test_execute_warming
FAILED tests/unit/test_performance_optimizer.py::TestPerformanceOptimizer::test_analyze_performance
FAILED tests/unit/test_performance_optimizer.py::TestPerformanceOptimizer::test_optimize_performance
FAILED tests/unit/test_performance_optimizer.py::TestPerformanceOptimizer::test_identify_bottlenecks
FAILED tests/unit/test_performance_optimizer.py::TestPerformanceOptimizer::test_generate_optimization_recommendations
FAILED tests/unit/test_performance_optimizer.py::TestPerformanceOptimizer::test_calculate_performance_improvements
FAILED tests/unit/test_performance_optimizer.py::TestPerformanceOptimizer::test_memory_optimization
FAILED tests/unit/test_performance_optimizer.py::TestPerformanceOptimizer::test_proactive_warming
FAILED tests/unit/test_performance_test_orchestrator.py::TestExecutionEngine::test_execute_test_success
FAILED tests/unit/test_performance_test_orchestrator.py::TestExecutionEngine::test_execute_test_failure
FAILED tests/unit/test_performance_test_orchestrator.py::TestExecutionEngine::test_execute_test_timeout
FAILED tests/unit/test_performance_test_orchestrator.py::TestExecutionEngine::test_execute_test_no_runner
FAILED tests/unit/test_performance_test_orchestrator.py::TestExecutionEngine::test_execute_tests_parallel
FAILED tests/unit/test_performance_test_orchestrator.py::TestExecutionEngine::test_execute_tests_parallel_with_disabled
FAILED tests/unit/test_performance_test_orchestrator.py::TestPerformanceTestOrchestrator::test_run_baseline_tests
FAILED tests/unit/test_performance_test_orchestrator.py::TestPerformanceTestOrchestrator::test_run_optimization_tests
FAILED tests/unit/test_performance_test_orchestrator.py::TestPerformanceTestOrchestrator::test_run_test_suite
FAILED tests/unit/test_performance_test_orchestrator.py::TestPerformanceTestOrchestrator::test_run_full_performance_suite
FAILED tests/unit/test_performance_test_orchestrator.py::TestPerformanceTestOrchestrator::test_run_nonexistent_suite
FAILED tests/unit/test_performance_test_orchestrator.py::test_integration_full_workflow
= 61 failed, 693 passed, 28 skipped, 44 warnings, 3 errors in 537.89s (0:08:57) =

